  [1m[35m (1.9ms)[0m  [1m[35mCREATE TABLE "schema_migrations" ("version" varchar NOT NULL PRIMARY KEY)[0m
  [1m[35m (0.2ms)[0m  [1m[35mCREATE TABLE "ar_internal_metadata" ("key" varchar NOT NULL PRIMARY KEY, "value" varchar, "created_at" datetime(6) NOT NULL, "updated_at" datetime(6) NOT NULL)[0m
  [1m[36mActiveRecord::InternalMetadata Load (0.3ms)[0m  [1m[34mSELECT * FROM "ar_internal_metadata" WHERE "ar_internal_metadata"."key" = ? ORDER BY "ar_internal_metadata"."key" ASC LIMIT 1[0m  [[nil, "environment"]]
  [1m[36mActiveRecord::InternalMetadata Create (0.2ms)[0m  [1m[32mINSERT INTO "ar_internal_metadata" ("key", "value", "created_at", "updated_at") VALUES ('environment', 'development', '2024-07-03 17:07:56.406756', '2024-07-03 17:07:56.406760') RETURNING "key"[0m
  [1m[36mActiveRecord::SchemaMigration Load (0.1ms)[0m  [1m[34mSELECT "schema_migrations"."version" FROM "schema_migrations" ORDER BY "schema_migrations"."version" ASC[0m
Migrating to CreateStudents (20240703170517)
  [1m[36mTRANSACTION (0.1ms)[0m  [1m[36mbegin transaction[0m
  [1m[35m (0.8ms)[0m  [1m[35mCREATE TABLE "students" ("id" integer PRIMARY KEY AUTOINCREMENT NOT NULL, "name" varchar, "email" varchar, "interests" varchar, "course" varchar, "year" integer, "available" boolean, "password_digest" varchar, "string" varchar, "profile_image" varchar, "created_at" datetime(6) NOT NULL, "updated_at" datetime(6) NOT NULL)[0m
  [1m[36mActiveRecord::SchemaMigration Create (0.1ms)[0m  [1m[32mINSERT INTO "schema_migrations" ("version") VALUES ('20240703170517') RETURNING "version"[0m
  [1m[36mTRANSACTION (0.2ms)[0m  [1m[36mcommit transaction[0m
Migrating to CreateMessages (20240703170707)
  [1m[36mTRANSACTION (0.1ms)[0m  [1m[36mbegin transaction[0m
  [1m[35m (0.9ms)[0m  [1m[35mCREATE TABLE "messages" ("id" integer PRIMARY KEY AUTOINCREMENT NOT NULL, "content" text, "sender_id" integer NOT NULL, "receiver_id" integer NOT NULL, "created_at" datetime(6) NOT NULL, "updated_at" datetime(6) NOT NULL)[0m
  [1m[35m (0.0ms)[0m  [1m[35mPRAGMA foreign_keys[0m
  [1m[35m (0.1ms)[0m  [1m[35mPRAGMA defer_foreign_keys[0m
  [1m[35m (0.0ms)[0m  [1m[35mPRAGMA defer_foreign_keys = ON[0m
  [1m[35m (0.0ms)[0m  [1m[35mPRAGMA foreign_keys = OFF[0m
  [1m[35m (0.1ms)[0m  [1m[35mCREATE TEMPORARY TABLE "amessages" ("id" integer PRIMARY KEY AUTOINCREMENT NOT NULL, "content" text DEFAULT NULL, "sender_id" integer NOT NULL, "receiver_id" integer NOT NULL, "created_at" datetime(6) NOT NULL, "updated_at" datetime(6) NOT NULL)[0m
  [1m[35m (0.0ms)[0m  [1m[32mINSERT INTO "amessages" ("id","content","sender_id","receiver_id","created_at","updated_at")
                     SELECT "id","content","sender_id","receiver_id","created_at","updated_at" FROM "messages"[0m
  [1m[35m (0.1ms)[0m  [1m[35mDROP TABLE "messages"[0m
  [1m[35m (0.1ms)[0m  [1m[35mCREATE TABLE "messages" ("id" integer PRIMARY KEY AUTOINCREMENT NOT NULL, "content" text DEFAULT NULL, "sender_id" integer NOT NULL, "receiver_id" integer NOT NULL, "created_at" datetime(6) NOT NULL, "updated_at" datetime(6) NOT NULL, CONSTRAINT "fk_rails_b8f26a382d"
FOREIGN KEY ("sender_id")
  REFERENCES "students" ("id")
)[0m
  [1m[35m (0.0ms)[0m  [1m[32mINSERT INTO "messages" ("id","content","sender_id","receiver_id","created_at","updated_at")
                     SELECT "id","content","sender_id","receiver_id","created_at","updated_at" FROM "amessages"[0m
  [1m[35m (0.1ms)[0m  [1m[35mDROP TABLE "amessages"[0m
  [1m[35m (0.0ms)[0m  [1m[35mPRAGMA defer_foreign_keys = 0[0m
  [1m[35m (0.0ms)[0m  [1m[35mPRAGMA foreign_keys = 1[0m
  [1m[35m (0.0ms)[0m  [1m[35mPRAGMA foreign_keys[0m
  [1m[35m (0.0ms)[0m  [1m[35mPRAGMA defer_foreign_keys[0m
  [1m[35m (0.0ms)[0m  [1m[35mPRAGMA defer_foreign_keys = ON[0m
  [1m[35m (0.0ms)[0m  [1m[35mPRAGMA foreign_keys = OFF[0m
  [1m[35m (0.1ms)[0m  [1m[35mCREATE TEMPORARY TABLE "amessages" ("id" integer PRIMARY KEY AUTOINCREMENT NOT NULL, "content" text DEFAULT NULL, "sender_id" integer NOT NULL, "receiver_id" integer NOT NULL, "created_at" datetime(6) NOT NULL, "updated_at" datetime(6) NOT NULL)[0m
  [1m[35m (0.0ms)[0m  [1m[32mINSERT INTO "amessages" ("id","content","sender_id","receiver_id","created_at","updated_at")
                     SELECT "id","content","sender_id","receiver_id","created_at","updated_at" FROM "messages"[0m
  [1m[35m (0.1ms)[0m  [1m[35mDROP TABLE "messages"[0m
  [1m[35m (0.1ms)[0m  [1m[35mCREATE TABLE "messages" ("id" integer PRIMARY KEY AUTOINCREMENT NOT NULL, "content" text DEFAULT NULL, "sender_id" integer NOT NULL, "receiver_id" integer NOT NULL, "created_at" datetime(6) NOT NULL, "updated_at" datetime(6) NOT NULL, CONSTRAINT "fk_rails_b8f26a382d"
FOREIGN KEY ("sender_id")
  REFERENCES "students" ("id")
, CONSTRAINT "fk_rails_67c67d2963"
FOREIGN KEY ("receiver_id")
  REFERENCES "students" ("id")
)[0m
  [1m[35m (0.0ms)[0m  [1m[32mINSERT INTO "messages" ("id","content","sender_id","receiver_id","created_at","updated_at")
                     SELECT "id","content","sender_id","receiver_id","created_at","updated_at" FROM "amessages"[0m
  [1m[35m (0.0ms)[0m  [1m[35mDROP TABLE "amessages"[0m
  [1m[35m (0.0ms)[0m  [1m[35mPRAGMA defer_foreign_keys = 0[0m
  [1m[35m (0.0ms)[0m  [1m[35mPRAGMA foreign_keys = 1[0m
  [1m[35m (0.1ms)[0m  [1m[35mCREATE INDEX "index_messages_on_sender_id" ON "messages" ("sender_id")[0m
  [1m[35m (0.1ms)[0m  [1m[35mCREATE INDEX "index_messages_on_receiver_id" ON "messages" ("receiver_id")[0m
  [1m[36mActiveRecord::SchemaMigration Create (0.1ms)[0m  [1m[32mINSERT INTO "schema_migrations" ("version") VALUES ('20240703170707') RETURNING "version"[0m
  [1m[36mTRANSACTION (0.1ms)[0m  [1m[36mcommit transaction[0m
  [1m[36mActiveRecord::SchemaMigration Load (0.0ms)[0m  [1m[34mSELECT "schema_migrations"."version" FROM "schema_migrations" ORDER BY "schema_migrations"."version" ASC[0m
Started GET "/" for ::1 at 2024-07-03 20:15:19 +0300
  [1m[36mActiveRecord::SchemaMigration Load (0.1ms)[0m  [1m[34mSELECT "schema_migrations"."version" FROM "schema_migrations" ORDER BY "schema_migrations"."version" ASC[0m
Processing by Rails::WelcomeController#index as HTML
  Rendering C:/tools/ruby33/lib/ruby/gems/3.3.0/gems/railties-7.1.3.4/lib/rails/templates/rails/welcome/index.html.erb
  Rendered C:/tools/ruby33/lib/ruby/gems/3.3.0/gems/railties-7.1.3.4/lib/rails/templates/rails/welcome/index.html.erb (Duration: 1.1ms | Allocations: 365)
Completed 200 OK in 42ms (Views: 14.8ms | ActiveRecord: 0.0ms | Allocations: 5960)


  [1m[36mTRANSACTION (0.1ms)[0m  [1m[36mbegin transaction[0m
  [1m[36mStudent Create (1.5ms)[0m  [1m[32mINSERT INTO "students" ("name", "email", "interests", "course", "year", "available", "password_digest", "string", "profile_image", "created_at", "updated_at") VALUES (?, ?, ?, ?, ?, ?, ?, ?, ?, ?, ?) RETURNING "id"[0m  [["name", "Shadyy"], ["email", "shfa@gmail.com"], ["interests", nil], ["course", "ICS"], ["year", 4], ["available", 1], ["password_digest", "[FILTERED]"], ["string", nil], ["profile_image", nil], ["created_at", "2024-07-03 17:18:59.366465"], ["updated_at", "2024-07-03 17:18:59.366465"]]
  [1m[36mTRANSACTION (1.9ms)[0m  [1m[36mcommit transaction[0m
  [1m[36mTRANSACTION (0.1ms)[0m  [1m[36mbegin transaction[0m
  [1m[36mStudent Create (0.6ms)[0m  [1m[32mINSERT INTO "students" ("name", "email", "interests", "course", "year", "available", "password_digest", "string", "profile_image", "created_at", "updated_at") VALUES (?, ?, ?, ?, ?, ?, ?, ?, ?, ?, ?) RETURNING "id"[0m  [["name", "Mungai"], ["email", "shfa@gmail.com"], ["interests", nil], ["course", "ICS"], ["year", 4], ["available", 1], ["password_digest", "[FILTERED]"], ["string", nil], ["profile_image", nil], ["created_at", "2024-07-03 17:19:23.503907"], ["updated_at", "2024-07-03 17:19:23.503907"]]
  [1m[36mTRANSACTION (0.1ms)[0m  [1m[36mcommit transaction[0m
Started GET "/" for 127.0.0.1 at 2024-07-03 20:36:48 +0300
  [1m[36mActiveRecord::SchemaMigration Load (0.2ms)[0m  [1m[34mSELECT "schema_migrations"."version" FROM "schema_migrations" ORDER BY "schema_migrations"."version" ASC[0m
Processing by Rails::WelcomeController#index as HTML
  Rendering C:/tools/ruby33/lib/ruby/gems/3.3.0/gems/railties-7.1.3.4/lib/rails/templates/rails/welcome/index.html.erb
  Rendered C:/tools/ruby33/lib/ruby/gems/3.3.0/gems/railties-7.1.3.4/lib/rails/templates/rails/welcome/index.html.erb (Duration: 1.0ms | Allocations: 365)
Completed 200 OK in 42ms (Views: 15.8ms | ActiveRecord: 0.0ms | Allocations: 5960)


Started GET "/students" for 127.0.0.1 at 2024-07-03 20:36:57 +0300
Processing by StudentsController#index as HTML
Completed 500 Internal Server Error in 78ms (ActiveRecord: 0.0ms | Allocations: 10257)


  
NameError (undefined local variable or method `students' for an instance of StudentsController):
  
app/controllers/students_controller.rb:21:in `index'
Started GET "/favicon.ico" for 127.0.0.1 at 2024-07-03 20:36:57 +0300
  
ActionController::RoutingError (No route matches [GET] "/favicon.ico"):
  
Started GET "/student" for 127.0.0.1 at 2024-07-03 20:37:05 +0300
  
ActionController::RoutingError (No route matches [GET] "/student"):
  
Started GET "/student" for 127.0.0.1 at 2024-07-03 20:41:22 +0300
  
ArgumentError (can't use collection outside resource(s) scope):
  
config/routes.rb:4:in `block in <top (required)>'
config/routes.rb:1:in `<top (required)>'
Started GET "/student" for 127.0.0.1 at 2024-07-03 20:41:42 +0300
Processing by StudentsController#index as HTML
Completed 500 Internal Server Error in 10ms (ActiveRecord: 0.0ms | Allocations: 1510)


  
NameError (undefined local variable or method `students' for an instance of StudentsController):
  
app/controllers/students_controller.rb:21:in `index'
Started GET "/student" for 127.0.0.1 at 2024-07-03 20:41:52 +0300
Processing by StudentsController#index as HTML
  [1m[36mStudent Load (0.1ms)[0m  [1m[34mSELECT "students".* FROM "students"[0m
  ↳ app/controllers/students_controller.rb:21:in `index'
Completed 200 OK in 72ms (Views: 61.3ms | ActiveRecord: 4.3ms | Allocations: 18916)


Started GET "/student" for 127.0.0.1 at 2024-07-03 20:43:09 +0300
Processing by StudentsController#index as */*
  [1m[36mStudent Load (0.1ms)[0m  [1m[34mSELECT "students".* FROM "students"[0m
  ↳ app/controllers/students_controller.rb:21:in `index'
Completed 200 OK in 3ms (Views: 3.1ms | ActiveRecord: 0.1ms | Allocations: 699)


Started GET "/student" for 127.0.0.1 at 2024-07-03 20:44:00 +0300
Processing by StudentsController#index as */*
  Parameters: {"email"=>"shfa@gmail.com", "student"=>{"email"=>"shfa@gmail.com"}}
  [1m[36mStudent Load (0.1ms)[0m  [1m[34mSELECT "students".* FROM "students"[0m
  ↳ app/controllers/students_controller.rb:21:in `index'
Completed 200 OK in 3ms (Views: 3.1ms | ActiveRecord: 0.1ms | Allocations: 699)


Started GET "/student" for 127.0.0.1 at 2024-07-03 20:44:22 +0300
Processing by StudentsController#index as */*
  Parameters: {"email"=>"sfa@gmail.com", "student"=>{"email"=>"sfa@gmail.com"}}
  [1m[36mStudent Load (0.1ms)[0m  [1m[34mSELECT "students".* FROM "students"[0m
  ↳ app/controllers/students_controller.rb:21:in `index'
Completed 200 OK in 5ms (Views: 4.3ms | ActiveRecord: 0.1ms | Allocations: 694)


Started GET "/student?email" for 127.0.0.1 at 2024-07-03 20:45:01 +0300
Processing by StudentsController#index as */*
  Parameters: {"email"=>nil, "student"=>{"email"=>nil}}
  [1m[36mStudent Load (0.1ms)[0m  [1m[34mSELECT "students".* FROM "students"[0m
  ↳ app/controllers/students_controller.rb:21:in `index'
Completed 200 OK in 5ms (Views: 3.9ms | ActiveRecord: 0.1ms | Allocations: 694)


Started GET "/student?email" for 127.0.0.1 at 2024-07-03 20:49:28 +0300
Processing by StudentsController#index as */*
  Parameters: {"email"=>nil, "student"=>{"email"=>nil}}
  [1m[36mStudent Load (0.1ms)[0m  [1m[34mSELECT "students".* FROM "students"[0m
  ↳ app/controllers/students_controller.rb:21:in `index'
Completed 200 OK in 6ms (Views: 5.1ms | ActiveRecord: 2.8ms | Allocations: 5068)


  [1m[36mTRANSACTION (0.1ms)[0m  [1m[36mbegin transaction[0m
  [1m[36mStudent Create (1.7ms)[0m  [1m[32mINSERT INTO "students" ("name", "email", "interests", "course", "year", "available", "password_digest", "string", "profile_image", "created_at", "updated_at") VALUES (?, ?, ?, ?, ?, ?, ?, ?, ?, ?, ?) RETURNING "id"[0m  [["name", "Maina"], ["email", "mmm@gmail.com"], ["interests", nil], ["course", "BBIT"], ["year", 4], ["available", 1], ["password_digest", "[FILTERED]"], ["string", nil], ["profile_image", nil], ["created_at", "2024-07-03 17:50:25.200180"], ["updated_at", "2024-07-03 17:50:25.200180"]]
  [1m[36mTRANSACTION (1.7ms)[0m  [1m[36mcommit transaction[0m
Started GET "/student?email" for 127.0.0.1 at 2024-07-03 20:50:44 +0300
  [1m[36mActiveRecord::SchemaMigration Load (0.8ms)[0m  [1m[34mSELECT "schema_migrations"."version" FROM "schema_migrations" ORDER BY "schema_migrations"."version" ASC[0m
Processing by StudentsController#index as */*
  Parameters: {"email"=>nil, "student"=>{"email"=>nil}}
  [1m[36mStudent Load (0.2ms)[0m  [1m[34mSELECT "students".* FROM "students"[0m
  ↳ app/controllers/students_controller.rb:21:in `index'
Completed 200 OK in 109ms (Views: 57.9ms | ActiveRecord: 3.1ms | Allocations: 21689)


Started GET "/student" for 127.0.0.1 at 2024-07-03 20:51:12 +0300
Processing by StudentsController#index as */*
  [1m[36mStudent Load (0.1ms)[0m  [1m[34mSELECT "students".* FROM "students"[0m
  ↳ app/controllers/students_controller.rb:21:in `index'
Completed 200 OK in 2ms (Views: 2.1ms | ActiveRecord: 0.1ms | Allocations: 778)


Started GET "/student" for 127.0.0.1 at 2024-07-03 20:52:00 +0300
Processing by StudentsController#index as */*
  Parameters: {"course"=>"BBIT", "student"=>{"course"=>"BBIT"}}
  [1m[36mStudent Load (0.1ms)[0m  [1m[34mSELECT "students".* FROM "students" WHERE "students"."course" = ?[0m  [["course", "BBIT"]]
  ↳ app/controllers/students_controller.rb:21:in `index'
Completed 200 OK in 18ms (Views: 1.6ms | ActiveRecord: 0.1ms | Allocations: 1479)


Started POST "/student" for 127.0.0.1 at 2024-07-03 20:59:20 +0300
  
ActionController::RoutingError (uninitialized constant StudentController):
  
Started POST "/student" for 127.0.0.1 at 2024-07-03 20:59:48 +0300
Processing by StudentsController#create as */*
  Parameters: {"name"=>"Ivy Nyambura", "email"=>"ivy@gmail.com", "password"=>"[FILTERED]", "password_confirmation"=>"[FILTERED]", "course"=>"BBIT", "availability"=>"true", "student"=>{"name"=>"Ivy Nyambura", "email"=>"ivy@gmail.com", "course"=>"BBIT"}}
  [1m[36mTRANSACTION (0.0ms)[0m  [1m[36mbegin transaction[0m
  ↳ app/controllers/students_controller.rb:28:in `create'
  [1m[36mStudent Create (3.6ms)[0m  [1m[32mINSERT INTO "students" ("name", "email", "interests", "course", "year", "available", "password_digest", "string", "profile_image", "created_at", "updated_at") VALUES (?, ?, ?, ?, ?, ?, ?, ?, ?, ?, ?) RETURNING "id"[0m  [["name", "Ivy Nyambura"], ["email", "ivy@gmail.com"], ["interests", nil], ["course", "BBIT"], ["year", nil], ["available", nil], ["password_digest", "[FILTERED]"], ["string", nil], ["profile_image", nil], ["created_at", "2024-07-03 17:59:48.916591"], ["updated_at", "2024-07-03 17:59:48.916591"]]
  ↳ app/controllers/students_controller.rb:28:in `create'
  [1m[36mTRANSACTION (1.8ms)[0m  [1m[36mcommit transaction[0m
  ↳ app/controllers/students_controller.rb:28:in `create'
Completed 200 OK in 16ms (Views: 0.5ms | ActiveRecord: 6.5ms | Allocations: 6736)


Started POST "/student" for 127.0.0.1 at 2024-07-03 21:01:58 +0300
Processing by StudentsController#create as */*
  Parameters: {"name"=>"Ivy Nyambzzzzz", "email"=>"ivynyambz@gmail.com", "password"=>"[FILTERED]", "password_confirmation"=>"[FILTERED]", "course"=>"BBIT", "availabile"=>"true", "year"=>"4", "interests"=>"reading", "student"=>{"name"=>"Ivy Nyambzzzzz", "email"=>"ivynyambz@gmail.com", "interests"=>"reading", "course"=>"BBIT", "year"=>"4"}}
  [1m[36mTRANSACTION (0.0ms)[0m  [1m[36mbegin transaction[0m
  ↳ app/controllers/students_controller.rb:28:in `create'
  [1m[36mStudent Create (1.3ms)[0m  [1m[32mINSERT INTO "students" ("name", "email", "interests", "course", "year", "available", "password_digest", "string", "profile_image", "created_at", "updated_at") VALUES (?, ?, ?, ?, ?, ?, ?, ?, ?, ?, ?) RETURNING "id"[0m  [["name", "Ivy Nyambzzzzz"], ["email", "ivynyambz@gmail.com"], ["interests", "reading"], ["course", "BBIT"], ["year", 4], ["available", nil], ["password_digest", "[FILTERED]"], ["string", nil], ["profile_image", nil], ["created_at", "2024-07-03 18:01:58.369703"], ["updated_at", "2024-07-03 18:01:58.369703"]]
  ↳ app/controllers/students_controller.rb:28:in `create'
  [1m[36mTRANSACTION (1.4ms)[0m  [1m[36mcommit transaction[0m
  ↳ app/controllers/students_controller.rb:28:in `create'
Completed 200 OK in 9ms (Views: 0.4ms | ActiveRecord: 5.6ms | Allocations: 6180)


Started GET "/student" for 127.0.0.1 at 2024-07-03 21:02:15 +0300
Processing by StudentsController#index as */*
  Parameters: {"course"=>"BBIT", "student"=>{"course"=>"BBIT"}}
  [1m[36mStudent Load (0.2ms)[0m  [1m[34mSELECT "students".* FROM "students"[0m
  ↳ app/controllers/students_controller.rb:6:in `index'
Completed 200 OK in 3ms (Views: 2.9ms | ActiveRecord: 0.2ms | Allocations: 1053)


